#
# A fatal error has been detected by the Java Runtime Environment:
#
#  SIGSEGV (0xb) at pc=0x000000011044c594, pid=12043, tid=0x0000000000004303
#
# JRE version: Java(TM) SE Runtime Environment (8.0_101-b13) (build 1.8.0_101-b13)
# Java VM: Java HotSpot(TM) 64-Bit Server VM (25.101-b13 mixed mode bsd-amd64 compressed oops)
# Problematic frame:
# V  [libjvm.dylib+0x44c594]
#
# Failed to write core dump. Core dumps have been disabled. To enable core dumping, try "ulimit -c unlimited" before starting Java again
#
# If you would like to submit a bug report, please visit:
#   http://bugreport.java.com/bugreport/crash.jsp
#

---------------  T H R E A D  ---------------

Current thread (0x00007fc31b021000):  JavaThread "JDWP Transport Listener: dt_socket" daemon [_thread_in_vm, id=17155, stack(0x0000700000b3b000,0x0000700000c3b000)]

siginfo: si_signo: 11 (SIGSEGV), si_code: 0 (unknown), si_addr: 0x0000000000000000

Registers:
RAX=0x0000000000000001, RBX=0x0000700000c3aa8b, RCX=0x000000011081f360, RDX=0x0000700000c3aa8b
RSP=0x0000700000c3a9d0, RBP=0x0000700000c3a9e0, RSI=0x00007fc31b021000, RDI=0xd000000000000000
R8 =0x0000000000000000, R9 =0x00007fc319e153a0, R10=0x000000008957f9f7, R11=0x00007fc319e00000
R12=0x00007fc31b021000, R13=0xd000000000000000, R14=0xd000000000000000, R15=0x00007fc319d01320
RIP=0x000000011044c594, EFLAGS=0x0000000000010286, ERR=0x0000000000000000
  TRAPNO=0x000000000000000d

Top of Stack: (sp=0x0000700000c3a9d0)
0x0000700000c3a9d0:   0000700000c3aa8b 0000700000c3aa8b
0x0000700000c3a9e0:   0000700000c3aa40 00000001103580d2
0x0000700000c3a9f0:   00007fc31b021000 0000000000000000
0x0000700000c3aa00:   0000000000000000 0000000000000000
0x0000700000c3aa10:   00007fc31b021000 00007fc31b021000
0x0000700000c3aa20:   0000700000c3aa8b 0000700000c3aa90
0x0000700000c3aa30:   d000000000000000 000000000000000f
0x0000700000c3aa40:   0000700000c3aa60 000000010f7ce780
0x0000700000c3aa50:   0000000000000001 0000700000c3ab08
0x0000700000c3aa60:   0000700000c3aad0 000000010f7b31f3
0x0000700000c3aa70:   0000700000c3aaa0 00007fc319e1b030
0x0000700000c3aa80:   0000001900000032 0000000900c3ab08
0x0000700000c3aa90:   0000000000000000 0000000000000000
0x0000700000c3aaa0:   0000000000000000 0000700000c3ac90
0x0000700000c3aab0:   000000010f7d5e7a 00007fc319e1a440
0x0000700000c3aac0:   0000700000c3ab08 000000010f7e1598
0x0000700000c3aad0:   0000700000c3aae0 000000010f7b32ec
0x0000700000c3aae0:   0000700000c3ad00 000000010f7bc898
0x0000700000c3aaf0:   0000b92300000013 00000000000f0200
0x0000700000c3ab00:   00007fc319e1ac50 00007fc319e1b23b
0x0000700000c3ab10:   00007fc30000011d 00007fc319e1a020
0x0000700000c3ab20:   000000000000012c 0000700000c3ab58
0x0000700000c3ab30:   00007fc319e1a020 0000000000000000
0x0000700000c3ab40:   0000b92300000024 00007fff0000fc80
0x0000700000c3ab50:   0000700000c3ab58 c37f000019000000
0x0000700000c3ab60:   08000000c024c219 3e74696e696c633c
0x0000700000c3ab70:   0056292803000000 0008000000000000
0x0000700000c3ab80:   00b824c219c37f00 74696e693c060000
0x0000700000c3ab90:   562928030000003e 0100000000000000
0x0000700000c3aba0:   d824c219c37f0000 527465670c000000
0x0000700000c3abb0:   746e496d6f646e61 4929492804000000
0x0000700000c3abc0:   0900000000000000 18a6e119c37f0000 

Instructions: (pc=0x000000011044c594)
0x000000011044c574:   40 48 48 85 c0 75 e0 30 c0 0f b6 c0 5d c3 31 c0
0x000000011044c584:   5d c3 55 48 89 e5 53 48 83 ec 08 48 85 ff 74 24
0x000000011044c594:   48 8b 1f 48 85 db 74 1c 48 83 fb 37 74 16 48 8b
0x000000011044c5a4:   03 48 89 df ff 50 10 84 c0 b8 00 00 00 00 48 0f 

Register to memory mapping:

RAX=0x0000000000000001 is an unknown value
RBX=0x0000700000c3aa8b is pointing into the stack for thread: 0x00007fc31b021000
RCX=0x000000011081f360: UseMembar+0 in /Library/Java/JavaVirtualMachines/jdk1.8.0_101.jdk/Contents/Home/jre/lib/server/libjvm.dylib at 0x0000000110000000
RDX=0x0000700000c3aa8b is pointing into the stack for thread: 0x00007fc31b021000
RSP=0x0000700000c3a9d0 is pointing into the stack for thread: 0x00007fc31b021000
RBP=0x0000700000c3a9e0 is pointing into the stack for thread: 0x00007fc31b021000
RSI=0x00007fc31b021000 is a thread
RDI=0xd000000000000000 is an unknown value
R8 =0x0000000000000000 is an unknown value
R9 =0x00007fc319e153a0 is an unknown value
R10=0x000000008957f9f7 is an unknown value
R11=0x00007fc319e00000 is an unknown value
R12=0x00007fc31b021000 is a thread
R13=0xd000000000000000 is an unknown value
R14=0xd000000000000000 is an unknown value
R15=0x00007fc319d01320 is an unknown value


Stack: [0x0000700000b3b000,0x0000700000c3b000],  sp=0x0000700000c3a9d0,  free space=1022k
Native frames: (J=compiled Java code, j=interpreted, Vv=VM code, C=native code)
V  [libjvm.dylib+0x44c594]
V  [libjvm.dylib+0x3580d2]
C  [libjdwp.dylib+0x20780]  isMethodSynthetic+0x63
C  [libjdwp.dylib+0x51f3]  methods1+0x10b
C  [libjdwp.dylib+0x52ec]  methodsWithGeneric+0xe
C  [libjdwp.dylib+0xe898]  debugLoop_run+0x1ce
C  [libjdwp.dylib+0x1f6ba]  attachThread+0x4d
V  [libjvm.dylib+0x399438]
V  [libjvm.dylib+0x5695ab]
V  [libjvm.dylib+0x56ac98]
V  [libjvm.dylib+0x48933a]
C  [libsystem_pthread.dylib+0x39b1]  _pthread_body+0x83
C  [libsystem_pthread.dylib+0x392e]  _pthread_body+0x0
C  [libsystem_pthread.dylib+0x1385]  thread_start+0xd
C  0x0000000000000000


---------------  P R O C E S S  ---------------

Java Threads: ( => current thread )
  0x00007fc31a03d000 JavaThread "Service Thread" daemon [_thread_blocked, id=20227, stack(0x000070000114d000,0x000070000124d000)]
  0x00007fc31b036800 JavaThread "C1 CompilerThread2" daemon [_thread_blocked, id=19715, stack(0x000070000104a000,0x000070000114a000)]
  0x00007fc31b829800 JavaThread "C2 CompilerThread1" daemon [_thread_blocked, id=19203, stack(0x0000700000f47000,0x0000700001047000)]
  0x00007fc31b035800 JavaThread "C2 CompilerThread0" daemon [_thread_blocked, id=18691, stack(0x0000700000e44000,0x0000700000f44000)]
  0x00007fc31a031800 JavaThread "JDWP Command Reader" daemon [_thread_in_native, id=18179, stack(0x0000700000d41000,0x0000700000e41000)]
  0x00007fc31b035000 JavaThread "JDWP Event Helper Thread" daemon [_thread_blocked, id=17667, stack(0x0000700000c3e000,0x0000700000d3e000)]
=>0x00007fc31b021000 JavaThread "JDWP Transport Listener: dt_socket" daemon [_thread_in_vm, id=17155, stack(0x0000700000b3b000,0x0000700000c3b000)]
  0x00007fc31a82e000 JavaThread "Signal Dispatcher" daemon [_thread_blocked, id=12819, stack(0x0000700000a38000,0x0000700000b38000)]
  0x00007fc31b801000 JavaThread "Finalizer" daemon [_thread_blocked, id=12291, stack(0x000070000082f000,0x000070000092f000)]
  0x00007fc31a812000 JavaThread "Reference Handler" daemon [_thread_blocked, id=11779, stack(0x000070000072c000,0x000070000082c000)]
  0x00007fc31a805800 JavaThread "main" [_thread_blocked, id=5891, stack(0x000070000011a000,0x000070000021a000)]

Other Threads:
  0x00007fc31a80f800 VMThread [stack: 0x0000700000629000,0x0000700000729000] [id=11267]
  0x00007fc31b865000 WatcherThread [stack: 0x0000700001250000,0x0000700001350000] [id=20739]

VM state:not at safepoint (normal execution)

VM Mutex/Monitor currently owned by a thread: None

Heap:
 PSYoungGen      total 38400K, used 2662K [0x0000000795580000, 0x0000000798000000, 0x00000007c0000000)
  eden space 33280K, 8% used [0x0000000795580000,0x0000000795819ad8,0x0000000797600000)
  from space 5120K, 0% used [0x0000000797b00000,0x0000000797b00000,0x0000000798000000)
  to   space 5120K, 0% used [0x0000000797600000,0x0000000797600000,0x0000000797b00000)
 ParOldGen       total 87552K, used 0K [0x0000000740000000, 0x0000000745580000, 0x0000000795580000)
  object space 87552K, 0% used [0x0000000740000000,0x0000000740000000,0x0000000745580000)
 Metaspace       used 3984K, capacity 5094K, committed 5376K, reserved 1056768K
  class space    used 412K, capacity 465K, committed 512K, reserved 1048576K

Card table byte_map: [0x000000012036e000,0x000000012076f000] byte_map_base: 0x000000011c96e000

Marking Bits: (ParMarkBitMap*) 0x00000001108edd20
 Begin Bits: [0x0000000120a1a000, 0x0000000122a1a000)
 End Bits:   [0x0000000122a1a000, 0x0000000124a1a000)

Polling page: 0x000000010f7ad000

CodeCache: size=245760Kb used=1158Kb max_used=1158Kb free=244601Kb
 bounds [0x0000000110fae000, 0x000000011121e000, 0x000000011ffae000]
 total_blobs=295 nmethods=56 adapters=161
 compilation: enabled

Compilation events (10 events):
Event: 3.883 Thread 0x00007fc31b036800   52       3       java.util.ArrayList$Itr::hasNext (20 bytes)
Event: 3.883 Thread 0x00007fc31b036800 nmethod 52 0x00000001110ce450 code [0x00000001110ce5c0, 0x00000001110ce790]
Event: 3.883 Thread 0x00007fc31b036800   53       3       java.util.ArrayList$Itr::checkForComodification (23 bytes)
Event: 3.883 Thread 0x00007fc31b036800 nmethod 53 0x00000001110ce850 code [0x00000001110ce9e0, 0x00000001110cec08]
Event: 3.883 Thread 0x00007fc31b036800   54       3       java.util.ArrayList$Itr::next (66 bytes)
Event: 3.884 Thread 0x00007fc31b036800 nmethod 54 0x00000001110ced10 code [0x00000001110ceee0, 0x00000001110cf3c8]
Event: 3.884 Thread 0x00007fc31b036800   55       3       java.lang.Object::equals (11 bytes)
Event: 3.884 Thread 0x00007fc31b036800 nmethod 55 0x00000001110cf6d0 code [0x00000001110cf840, 0x00000001110cf9f0]
Event: 6.091 Thread 0x00007fc31b036800   56       1       java.nio.Buffer::position (5 bytes)
Event: 6.091 Thread 0x00007fc31b036800 nmethod 56 0x00000001110cfa50 code [0x00000001110cfba0, 0x00000001110cfcb0]

GC Heap History (0 events):
No events

Deoptimization events (0 events):
No events

Internal exceptions (6 events):
Event: 0.039 Thread 0x00007fc31a805800 Exception <a 'java/lang/NoSuchMethodError': Method sun.misc.Unsafe.defineClass(Ljava/lang/String;[BII)Ljava/lang/Class; name or signature does not match> (0x0000000795587cc0) thrown at [/HUDSON3/workspace/8-2-build-macosx-x86_64/jdk8u101/7261/hotspot/src/
Event: 0.039 Thread 0x00007fc31a805800 Exception <a 'java/lang/NoSuchMethodError': Method sun.misc.Unsafe.prefetchRead(Ljava/lang/Object;J)V name or signature does not match> (0x0000000795587fa8) thrown at [/HUDSON3/workspace/8-2-build-macosx-x86_64/jdk8u101/7261/hotspot/src/share/vm/prims/jni
Event: 0.172 Thread 0x00007fc31a805800 Exception <a 'java/security/PrivilegedActionException'> (0x00000007957739d0) thrown at [/HUDSON3/workspace/8-2-build-macosx-x86_64/jdk8u101/7261/hotspot/src/share/vm/prims/jvm.cpp, line 1386]
Event: 0.172 Thread 0x00007fc31a805800 Exception <a 'java/security/PrivilegedActionException'> (0x0000000795773dc8) thrown at [/HUDSON3/workspace/8-2-build-macosx-x86_64/jdk8u101/7261/hotspot/src/share/vm/prims/jvm.cpp, line 1386]
Event: 0.174 Thread 0x00007fc31a805800 Exception <a 'java/security/PrivilegedActionException'> (0x00000007957772b8) thrown at [/HUDSON3/workspace/8-2-build-macosx-x86_64/jdk8u101/7261/hotspot/src/share/vm/prims/jvm.cpp, line 1386]
Event: 0.174 Thread 0x00007fc31a805800 Exception <a 'java/security/PrivilegedActionException'> (0x00000007957776b0) thrown at [/HUDSON3/workspace/8-2-build-macosx-x86_64/jdk8u101/7261/hotspot/src/share/vm/prims/jvm.cpp, line 1386]

Events (10 events):
Event: 2531.016 Executing VM operation: ChangeBreakpoints
Event: 2531.016 Executing VM operation: ChangeBreakpoints done
Event: 2558.541 Executing VM operation: RedefineClasses
Event: 2558.542 Executing VM operation: RedefineClasses done
Event: 2558.545 Executing VM operation: ChangeBreakpoints
Event: 2558.545 Executing VM operation: ChangeBreakpoints done
Event: 2825.115 Executing VM operation: RedefineClasses
Event: 2825.116 Executing VM operation: RedefineClasses done
Event: 2825.140 Executing VM operation: ChangeBreakpoints
Event: 2825.140 Executing VM operation: ChangeBreakpoints done


Dynamic libraries:
0x000000000badd000 	/System/Library/Frameworks/Cocoa.framework/Versions/A/Cocoa
0x000000000badd000 	/System/Library/Frameworks/Security.framework/Versions/A/Security
0x000000000badd000 	/System/Library/Frameworks/ApplicationServices.framework/Versions/A/ApplicationServices
0x000000000badd000 	/usr/lib/libz.1.dylib
0x000000000badd000 	/usr/lib/libSystem.B.dylib
0x000000000badd000 	/usr/lib/libobjc.A.dylib
0x000000000badd000 	/System/Library/Frameworks/CoreFoundation.framework/Versions/A/CoreFoundation
0x000000000badd000 	/System/Library/Frameworks/Foundation.framework/Versions/C/Foundation
0x000000000badd000 	/System/Library/Frameworks/AppKit.framework/Versions/C/AppKit
0x000000000badd000 	/System/Library/Frameworks/CoreData.framework/Versions/A/CoreData
0x000000000badd000 	/System/Library/PrivateFrameworks/RemoteViewServices.framework/Versions/A/RemoteViewServices
0x000000000badd000 	/System/Library/PrivateFrameworks/UIFoundation.framework/Versions/A/UIFoundation
0x000000000badd000 	/usr/lib/libScreenReader.dylib
0x000000000badd000 	/System/Library/Frameworks/Accelerate.framework/Versions/A/Accelerate
0x000000000badd000 	/System/Library/Frameworks/IOSurface.framework/Versions/A/IOSurface
0x000000000badd000 	/System/Library/Frameworks/AudioToolbox.framework/Versions/A/AudioToolbox
0x000000000badd000 	/System/Library/Frameworks/AudioUnit.framework/Versions/A/AudioUnit
0x000000000badd000 	/System/Library/PrivateFrameworks/DataDetectorsCore.framework/Versions/A/DataDetectorsCore
0x000000000badd000 	/System/Library/PrivateFrameworks/DesktopServicesPriv.framework/Versions/A/DesktopServicesPriv
0x000000000badd000 	/System/Library/Frameworks/Carbon.framework/Versions/A/Frameworks/HIToolbox.framework/Versions/A/HIToolbox
0x000000000badd000 	/System/Library/Frameworks/QuartzCore.framework/Versions/A/QuartzCore
0x000000000badd000 	/System/Library/Frameworks/Carbon.framework/Versions/A/Frameworks/SpeechRecognition.framework/Versions/A/SpeechRecognition
0x000000000badd000 	/usr/lib/libauto.dylib
0x000000000badd000 	/usr/lib/libicucore.A.dylib
0x000000000badd000 	/usr/lib/libxml2.2.dylib
0x000000000badd000 	/System/Library/PrivateFrameworks/CoreUI.framework/Versions/A/CoreUI
0x000000000badd000 	/System/Library/Frameworks/CoreAudio.framework/Versions/A/CoreAudio
0x000000000badd000 	/System/Library/Frameworks/DiskArbitration.framework/Versions/A/DiskArbitration
0x000000000badd000 	/usr/lib/liblangid.dylib
0x000000000badd000 	/System/Library/PrivateFrameworks/MultitouchSupport.framework/Versions/A/MultitouchSupport
0x000000000badd000 	/System/Library/Frameworks/IOKit.framework/Versions/A/IOKit
0x000000000badd000 	/usr/lib/libDiagnosticMessagesClient.dylib
0x000000000badd000 	/System/Library/Frameworks/CoreServices.framework/Versions/A/CoreServices
0x000000000badd000 	/System/Library/PrivateFrameworks/PerformanceAnalysis.framework/Versions/A/PerformanceAnalysis
0x000000000badd000 	/System/Library/PrivateFrameworks/GenerationalStorage.framework/Versions/A/GenerationalStorage
0x000000000badd000 	/System/Library/Frameworks/OpenGL.framework/Versions/A/OpenGL
0x000000000badd000 	/System/Library/PrivateFrameworks/Sharing.framework/Versions/A/Sharing
0x000000000badd000 	/System/Library/Frameworks/CoreGraphics.framework/Versions/A/CoreGraphics
0x000000000badd000 	/System/Library/Frameworks/CoreImage.framework/Versions/A/CoreImage
0x000000000badd000 	/System/Library/Frameworks/CoreText.framework/Versions/A/CoreText
0x000000000badd000 	/System/Library/Frameworks/ImageIO.framework/Versions/A/ImageIO
0x000000000badd000 	/System/Library/PrivateFrameworks/Backup.framework/Versions/A/Backup
0x000000000badd000 	/usr/lib/libextension.dylib
0x000000000badd000 	/usr/lib/libarchive.2.dylib
0x000000000badd000 	/System/Library/Frameworks/CFNetwork.framework/Versions/A/CFNetwork
0x000000000badd000 	/System/Library/Frameworks/SystemConfiguration.framework/Versions/A/SystemConfiguration
0x000000000badd000 	/usr/lib/libCRFSuite.dylib
0x000000000badd000 	/usr/lib/libc++.1.dylib
0x000000000badd000 	/usr/lib/libc++abi.dylib
0x000000000badd000 	/usr/lib/system/libcache.dylib
0x000000000badd000 	/usr/lib/system/libcommonCrypto.dylib
0x000000000badd000 	/usr/lib/system/libcompiler_rt.dylib
0x000000000badd000 	/usr/lib/system/libcopyfile.dylib
0x000000000badd000 	/usr/lib/system/libcorecrypto.dylib
0x000000000badd000 	/usr/lib/system/libdispatch.dylib
0x000000000badd000 	/usr/lib/system/libdyld.dylib
0x000000000badd000 	/usr/lib/system/libkeymgr.dylib
0x000000000badd000 	/usr/lib/system/liblaunch.dylib
0x000000000badd000 	/usr/lib/system/libmacho.dylib
0x000000000badd000 	/usr/lib/system/libquarantine.dylib
0x000000000badd000 	/usr/lib/system/libremovefile.dylib
0x000000000badd000 	/usr/lib/system/libsystem_asl.dylib
0x000000000badd000 	/usr/lib/system/libsystem_blocks.dylib
0x000000000badd000 	/usr/lib/system/libsystem_c.dylib
0x000000000badd000 	/usr/lib/system/libsystem_configuration.dylib
0x000000000badd000 	/usr/lib/system/libsystem_coreservices.dylib
0x000000000badd000 	/usr/lib/system/libsystem_coretls.dylib
0x000000000badd000 	/usr/lib/system/libsystem_dnssd.dylib
0x000000000badd000 	/usr/lib/system/libsystem_info.dylib
0x000000000badd000 	/usr/lib/system/libsystem_kernel.dylib
0x000000000badd000 	/usr/lib/system/libsystem_m.dylib
0x000000000badd000 	/usr/lib/system/libsystem_malloc.dylib
0x000000000badd000 	/usr/lib/system/libsystem_network.dylib
0x000000000badd000 	/usr/lib/system/libsystem_networkextension.dylib
0x000000000badd000 	/usr/lib/system/libsystem_notify.dylib
0x000000000badd000 	/usr/lib/system/libsystem_platform.dylib
0x000000000badd000 	/usr/lib/system/libsystem_pthread.dylib
0x000000000badd000 	/usr/lib/system/libsystem_sandbox.dylib
0x000000000badd000 	/usr/lib/system/libsystem_secinit.dylib
0x000000000badd000 	/usr/lib/system/libsystem_trace.dylib
0x000000000badd000 	/usr/lib/system/libunc.dylib
0x000000000badd000 	/usr/lib/system/libunwind.dylib
0x000000000badd000 	/usr/lib/system/libxpc.dylib
0x000000000badd000 	/usr/lib/libenergytrace.dylib
0x000000000badd000 	/usr/lib/libbsm.0.dylib
0x000000000badd000 	/usr/lib/system/libkxld.dylib
0x000000000badd000 	/usr/lib/libxar.1.dylib
0x000000000badd000 	/usr/lib/libsqlite3.dylib
0x000000000badd000 	/usr/lib/libpam.2.dylib
0x000000000badd000 	/usr/lib/libOpenScriptingUtil.dylib
0x000000000badd000 	/usr/lib/libbz2.1.0.dylib
0x000000000badd000 	/usr/lib/liblzma.5.dylib
0x000000000badd000 	/System/Library/Frameworks/CoreServices.framework/Versions/A/Frameworks/FSEvents.framework/Versions/A/FSEvents
0x000000000badd000 	/System/Library/Frameworks/CoreServices.framework/Versions/A/Frameworks/CarbonCore.framework/Versions/A/CarbonCore
0x000000000badd000 	/System/Library/Frameworks/CoreServices.framework/Versions/A/Frameworks/Metadata.framework/Versions/A/Metadata
0x000000000badd000 	/System/Library/Frameworks/CoreServices.framework/Versions/A/Frameworks/OSServices.framework/Versions/A/OSServices
0x000000000badd000 	/System/Library/Frameworks/CoreServices.framework/Versions/A/Frameworks/SearchKit.framework/Versions/A/SearchKit
0x000000000badd000 	/System/Library/Frameworks/CoreServices.framework/Versions/A/Frameworks/AE.framework/Versions/A/AE
0x000000000badd000 	/System/Library/Frameworks/CoreServices.framework/Versions/A/Frameworks/LaunchServices.framework/Versions/A/LaunchServices
0x000000000badd000 	/System/Library/Frameworks/CoreServices.framework/Versions/A/Frameworks/DictionaryServices.framework/Versions/A/DictionaryServices
0x000000000badd000 	/System/Library/Frameworks/CoreServices.framework/Versions/A/Frameworks/SharedFileList.framework/Versions/A/SharedFileList
0x000000000badd000 	/System/Library/Frameworks/NetFS.framework/Versions/A/NetFS
0x000000000badd000 	/System/Library/PrivateFrameworks/NetAuth.framework/Versions/A/NetAuth
0x000000000badd000 	/System/Library/PrivateFrameworks/login.framework/Versions/A/Frameworks/loginsupport.framework/Versions/A/loginsupport
0x000000000badd000 	/System/Library/PrivateFrameworks/TCC.framework/Versions/A/TCC
0x000000000badd000 	/usr/lib/libmecabra.dylib
0x000000000badd000 	/System/Library/Frameworks/ApplicationServices.framework/Versions/A/Frameworks/ATS.framework/Versions/A/ATS
0x000000000badd000 	/System/Library/Frameworks/ApplicationServices.framework/Versions/A/Frameworks/ColorSync.framework/Versions/A/ColorSync
0x000000000badd000 	/System/Library/Frameworks/ApplicationServices.framework/Versions/A/Frameworks/HIServices.framework/Versions/A/HIServices
0x000000000badd000 	/System/Library/Frameworks/ApplicationServices.framework/Versions/A/Frameworks/LangAnalysis.framework/Versions/A/LangAnalysis
0x000000000badd000 	/System/Library/Frameworks/ApplicationServices.framework/Versions/A/Frameworks/PrintCore.framework/Versions/A/PrintCore
0x000000000badd000 	/System/Library/Frameworks/ApplicationServices.framework/Versions/A/Frameworks/QD.framework/Versions/A/QD
0x000000000badd000 	/System/Library/Frameworks/ApplicationServices.framework/Versions/A/Frameworks/SpeechSynthesis.framework/Versions/A/SpeechSynthesis
0x000000000badd000 	/System/Library/Frameworks/Metal.framework/Versions/A/Metal
0x000000000badd000 	/System/Library/Frameworks/Accelerate.framework/Versions/A/Frameworks/vImage.framework/Versions/A/vImage
0x000000000badd000 	/System/Library/Frameworks/Accelerate.framework/Versions/A/Frameworks/vecLib.framework/Versions/A/vecLib
0x000000000badd000 	/System/Library/Frameworks/Accelerate.framework/Versions/A/Frameworks/vecLib.framework/Versions/A/libvDSP.dylib
0x000000000badd000 	/System/Library/Frameworks/Accelerate.framework/Versions/A/Frameworks/vecLib.framework/Versions/A/libvMisc.dylib
0x000000000badd000 	/System/Library/Frameworks/Accelerate.framework/Versions/A/Frameworks/vecLib.framework/Versions/A/libLAPACK.dylib
0x000000000badd000 	/System/Library/Frameworks/Accelerate.framework/Versions/A/Frameworks/vecLib.framework/Versions/A/libBLAS.dylib
0x000000000badd000 	/System/Library/Frameworks/Accelerate.framework/Versions/A/Frameworks/vecLib.framework/Versions/A/libLinearAlgebra.dylib
0x000000000badd000 	/System/Library/Frameworks/Accelerate.framework/Versions/A/Frameworks/vecLib.framework/Versions/A/libSparseBLAS.dylib
0x000000000badd000 	/System/Library/PrivateFrameworks/GPUCompiler.framework/libmetal_timestamp.dylib
0x000000000badd000 	/System/Library/Frameworks/OpenGL.framework/Versions/A/Libraries/libCoreFSCache.dylib
0x000000000badd000 	/System/Library/PrivateFrameworks/IOAccelerator.framework/Versions/A/IOAccelerator
0x000000000badd000 	/System/Library/Frameworks/ApplicationServices.framework/Versions/A/Frameworks/ATS.framework/Versions/A/Resources/libFontParser.dylib
0x000000000badd000 	/System/Library/Frameworks/ApplicationServices.framework/Versions/A/Frameworks/ATS.framework/Versions/A/Resources/libFontRegistry.dylib
0x000000000badd000 	/System/Library/PrivateFrameworks/AppleVPA.framework/Versions/A/AppleVPA
0x000000000badd000 	/System/Library/PrivateFrameworks/AppleJPEG.framework/Versions/A/AppleJPEG
0x000000000badd000 	/System/Library/Frameworks/ImageIO.framework/Versions/A/Resources/libJPEG.dylib
0x000000000badd000 	/System/Library/Frameworks/ImageIO.framework/Versions/A/Resources/libTIFF.dylib
0x000000000badd000 	/System/Library/Frameworks/ImageIO.framework/Versions/A/Resources/libPng.dylib
0x000000000badd000 	/System/Library/Frameworks/ImageIO.framework/Versions/A/Resources/libGIF.dylib
0x000000000badd000 	/System/Library/Frameworks/ImageIO.framework/Versions/A/Resources/libJP2.dylib
0x000000000badd000 	/System/Library/Frameworks/ImageIO.framework/Versions/A/Resources/libRadiance.dylib
0x000000000badd000 	/System/Library/Frameworks/CoreVideo.framework/Versions/A/CoreVideo
0x000000000badd000 	/System/Library/Frameworks/OpenGL.framework/Versions/A/Libraries/libGLU.dylib
0x000000000badd000 	/System/Library/Frameworks/OpenGL.framework/Versions/A/Libraries/libGFXShared.dylib
0x000000000badd000 	/System/Library/Frameworks/OpenGL.framework/Versions/A/Libraries/libGL.dylib
0x000000000badd000 	/System/Library/Frameworks/OpenGL.framework/Versions/A/Libraries/libGLImage.dylib
0x000000000badd000 	/System/Library/Frameworks/OpenGL.framework/Versions/A/Libraries/libCVMSPluginSupport.dylib
0x000000000badd000 	/System/Library/Frameworks/OpenGL.framework/Versions/A/Libraries/libCoreVMClient.dylib
0x000000000badd000 	/usr/lib/libcups.2.dylib
0x000000000badd000 	/System/Library/Frameworks/Kerberos.framework/Versions/A/Kerberos
0x000000000badd000 	/System/Library/Frameworks/GSS.framework/Versions/A/GSS
0x000000000badd000 	/usr/lib/libresolv.9.dylib
0x000000000badd000 	/usr/lib/libiconv.2.dylib
0x000000000badd000 	/System/Library/PrivateFrameworks/Heimdal.framework/Versions/A/Heimdal
0x000000000badd000 	/usr/lib/libheimdal-asn1.dylib
0x000000000badd000 	/System/Library/Frameworks/OpenDirectory.framework/Versions/A/OpenDirectory
0x000000000badd000 	/System/Library/PrivateFrameworks/CommonAuth.framework/Versions/A/CommonAuth
0x000000000badd000 	/System/Library/Frameworks/OpenDirectory.framework/Versions/A/Frameworks/CFOpenDirectory.framework/Versions/A/CFOpenDirectory
0x000000000badd000 	/System/Library/Frameworks/SecurityFoundation.framework/Versions/A/SecurityFoundation
0x000000000badd000 	/System/Library/PrivateFrameworks/LanguageModeling.framework/Versions/A/LanguageModeling
0x000000000badd000 	/usr/lib/libmarisa.dylib
0x000000000badd000 	/usr/lib/libChineseTokenizer.dylib
0x000000000badd000 	/usr/lib/libcmph.dylib
0x000000000badd000 	/usr/lib/libcompression.dylib
0x000000000badd000 	/System/Library/Frameworks/ServiceManagement.framework/Versions/A/ServiceManagement
0x000000000badd000 	/usr/lib/libxslt.1.dylib
0x000000000badd000 	/System/Library/Frameworks/Carbon.framework/Versions/A/Frameworks/Ink.framework/Versions/A/Ink
0x000000000badd000 	/usr/lib/libFosl_dynamic.dylib
0x000000000badd000 	/System/Library/PrivateFrameworks/FaceCore.framework/Versions/A/FaceCore
0x000000000badd000 	/System/Library/Frameworks/OpenCL.framework/Versions/A/OpenCL
0x000000000badd000 	/System/Library/PrivateFrameworks/CrashReporterSupport.framework/Versions/A/CrashReporterSupport
0x000000000badd000 	/System/Library/PrivateFrameworks/IconServices.framework/Versions/A/IconServices
0x000000000badd000 	/System/Library/PrivateFrameworks/Apple80211.framework/Versions/A/Apple80211
0x000000000badd000 	/System/Library/Frameworks/CoreWLAN.framework/Versions/A/CoreWLAN
0x000000000badd000 	/System/Library/Frameworks/IOBluetooth.framework/Versions/A/IOBluetooth
0x000000000badd000 	/System/Library/PrivateFrameworks/CoreWiFi.framework/Versions/A/CoreWiFi
0x000000000badd000 	/System/Library/Frameworks/CoreBluetooth.framework/Versions/A/CoreBluetooth
0x000000000badd000 	/System/Library/PrivateFrameworks/ChunkingLibrary.framework/Versions/A/ChunkingLibrary
0x000000000badd000 	/System/Library/PrivateFrameworks/DebugSymbols.framework/Versions/A/DebugSymbols
0x000000000badd000 	/System/Library/PrivateFrameworks/CoreSymbolication.framework/Versions/A/CoreSymbolication
0x000000000badd000 	/System/Library/PrivateFrameworks/Symbolication.framework/Versions/A/Symbolication
0x000000000badd000 	/System/Library/PrivateFrameworks/SpeechRecognitionCore.framework/Versions/A/SpeechRecognitionCore
0x0000000110000000 	/Library/Java/JavaVirtualMachines/jdk1.8.0_101.jdk/Contents/Home/jre/lib/server/libjvm.dylib
0x000000000badd000 	/usr/lib/libstdc++.6.dylib
0x000000010f76a000 	/Library/Java/JavaVirtualMachines/jdk1.8.0_101.jdk/Contents/Home/jre/lib/libverify.dylib
0x000000010f778000 	/Library/Java/JavaVirtualMachines/jdk1.8.0_101.jdk/Contents/Home/jre/lib/libjava.dylib
0x000000010f7ae000 	/Library/Java/JavaVirtualMachines/jdk1.8.0_101.jdk/Contents/Home/jre/lib/libjdwp.dylib
0x000000010f7f9000 	/Library/Java/JavaVirtualMachines/jdk1.8.0_101.jdk/Contents/Home/jre/lib/libnpt.dylib
0x0000000110fa5000 	/Library/Java/JavaVirtualMachines/jdk1.8.0_101.jdk/Contents/Home/jre/lib/libzip.dylib
0x0000000126911000 	/System/Library/Frameworks/JavaVM.framework/Frameworks/JavaRuntimeSupport.framework/JavaRuntimeSupport
0x000000012692c000 	/System/Library/Frameworks/JavaVM.framework/Versions/A/Frameworks/JavaNativeFoundation.framework/Versions/A/JavaNativeFoundation
0x0000000126941000 	/System/Library/Frameworks/JavaVM.framework/Versions/A/JavaVM
0x000000000badd000 	/System/Library/Frameworks/Carbon.framework/Versions/A/Carbon
0x000000012694e000 	/System/Library/PrivateFrameworks/JavaLaunching.framework/Versions/A/JavaLaunching
0x000000000badd000 	/System/Library/Frameworks/Carbon.framework/Versions/A/Frameworks/CommonPanels.framework/Versions/A/CommonPanels
0x000000000badd000 	/System/Library/Frameworks/Carbon.framework/Versions/A/Frameworks/Help.framework/Versions/A/Help
0x000000000badd000 	/System/Library/Frameworks/Carbon.framework/Versions/A/Frameworks/ImageCapture.framework/Versions/A/ImageCapture
0x000000000badd000 	/System/Library/Frameworks/Carbon.framework/Versions/A/Frameworks/OpenScripting.framework/Versions/A/OpenScripting
0x000000000badd000 	/System/Library/Frameworks/Carbon.framework/Versions/A/Frameworks/Print.framework/Versions/A/Print
0x000000000badd000 	/System/Library/Frameworks/Carbon.framework/Versions/A/Frameworks/SecurityHI.framework/Versions/A/SecurityHI
0x0000000128274000 	/Library/Java/JavaVirtualMachines/jdk1.8.0_101.jdk/Contents/Home/jre/lib/libdt_socket.dylib

VM Arguments:
jvm_args: -agentlib:jdwp=transport=dt_socket,suspend=y,address=localhost:53799 -Dfile.encoding=UTF-8 
java_command: assignment4.Main
java_class_path (initial): /Users/Leo/Documents/EE 422C/Projects/Project4_1/bin
Launcher Type: SUN_STANDARD

Environment Variables:
PATH=/usr/bin:/bin:/usr/sbin:/sbin
SHELL=/bin/bash
DISPLAY=/private/tmp/com.apple.launchd.p3z7UU89UW/org.macosforge.xquartz:0

Signal Handlers:
SIGSEGV: [libjvm.dylib+0x5af145], sa_mask[0]=11111111011111110111111111111111, sa_flags=SA_ONSTACK|SA_RESTART|SA_SIGINFO
SIGBUS: [libjvm.dylib+0x5af145], sa_mask[0]=11111111011111110111111111111111, sa_flags=SA_RESTART|SA_SIGINFO
SIGFPE: [libjvm.dylib+0x48694c], sa_mask[0]=11111111011111110111111111111111, sa_flags=SA_RESTART|SA_SIGINFO
SIGPIPE: [libjvm.dylib+0x48694c], sa_mask[0]=11111111011111110111111111111111, sa_flags=SA_RESTART|SA_SIGINFO
SIGXFSZ: [libjvm.dylib+0x48694c], sa_mask[0]=11111111011111110111111111111111, sa_flags=SA_RESTART|SA_SIGINFO
SIGILL: [libjvm.dylib+0x48694c], sa_mask[0]=11111111011111110111111111111111, sa_flags=SA_RESTART|SA_SIGINFO
SIGUSR1: SIG_DFL, sa_mask[0]=00000000000000000000000000000000, sa_flags=none
SIGUSR2: [libjvm.dylib+0x48646a], sa_mask[0]=00100000000000000000000000000000, sa_flags=SA_RESTART|SA_SIGINFO
SIGHUP: [libjvm.dylib+0x484a41], sa_mask[0]=11111111011111110111111111111111, sa_flags=SA_RESTART|SA_SIGINFO
SIGINT: [libjvm.dylib+0x484a41], sa_mask[0]=11111111011111110111111111111111, sa_flags=SA_RESTART|SA_SIGINFO
SIGTERM: [libjvm.dylib+0x484a41], sa_mask[0]=11111111011111110111111111111111, sa_flags=SA_RESTART|SA_SIGINFO
SIGQUIT: [libjvm.dylib+0x484a41], sa_mask[0]=11111111011111110111111111111111, sa_flags=SA_RESTART|SA_SIGINFO


---------------  S Y S T E M  ---------------

OS:Bsduname:Darwin 15.0.0 Darwin Kernel Version 15.0.0: Wed Aug 26 16:57:32 PDT 2015; root:xnu-3247.1.106~1/RELEASE_X86_64 x86_64
rlimit: STACK 8192k, CORE 0k, NPROC 709, NOFILE 10240, AS infinity
load average:6.97 5.08 4.60

CPU:total 4 (2 cores per cpu, 2 threads per core) family 6 model 69 stepping 1, cmov, cx8, fxsr, mmx, sse, sse2, sse3, ssse3, sse4.1, sse4.2, popcnt, avx, avx2, aes, clmul, erms, lzcnt, ht, tsc, tscinvbit, bmi1, bmi2

Memory: 4k page, physical 8388608k(19216k free)

/proc/meminfo:


vm_info: Java HotSpot(TM) 64-Bit Server VM (25.101-b13) for bsd-amd64 JRE (1.8.0_101-b13), built on Jun 22 2016 02:42:15 by "java_re" with gcc 4.2.1 (Based on Apple Inc. build 5658) (LLVM build 2336.11.00)

time: Wed Oct 19 19:02:05 2016
elapsed time: 2825 seconds (0d 0h 47m 5s)

